<?xml version="1.0" encoding="UTF-8"?>
<testsuite name="org.example.quizbox.domain.SequentialGameQuizzesTest" tests="3" skipped="0" failures="0" errors="0" timestamp="2024-07-20T02:12:46" hostname="HMC2940243ui-MacBookPro.local" time="0.001">
  <properties/>
  <testcase name="제출 가능한 퀴즈가 존재하는지 확인할 수 있다." classname="org.example.quizbox.domain.SequentialGameQuizzesTest" time="0.0"/>
  <testcase name="다음 퀴즈를 뽑을 수 있으며, 없는 경우 빈 Optional Object 반환한다." classname="org.example.quizbox.domain.SequentialGameQuizzesTest" time="0.0"/>
  <testcase name="퀴즈는 생성 순서대로 뽑는다." classname="org.example.quizbox.domain.SequentialGameQuizzesTest" time="0.0"/>
  <system-out><![CDATA[]]></system-out>
  <system-err><![CDATA[]]></system-err>
</testsuite>
