<?xml version="1.0" encoding="UTF-8"?>
<testsuite name="org.example.quizbox.domain.GameTest" tests="11" skipped="0" failures="0" errors="0" timestamp="2024-07-20T02:12:46" hostname="HMC2940243ui-MacBookPro.local" time="0.017">
  <properties/>
  <testcase name="게임 참여자가 아닌 경우 퀴즈를 뽑을 수 없다." classname="org.example.quizbox.domain.GameTest" time="0.005"/>
  <testcase name="게임 참여자가 아닌 경우 답변을 제출할 수 없다." classname="org.example.quizbox.domain.GameTest" time="0.001"/>
  <testcase name="게임 참여자가 아닌 경우 게임 결과를 리포팅할 수 없다." classname="org.example.quizbox.domain.GameTest" time="0.0"/>
  <testcase name="최소 1개 이상의 퀴즈를 가진다" classname="org.example.quizbox.domain.GameTest" time="0.002"/>
  <testcase name="퀴즈를 낼 수 있다." classname="org.example.quizbox.domain.GameTest" time="0.001"/>
  <testcase name="퀴즈를 모두 진행 후, 게임 결과를 확인할 수 있다." classname="org.example.quizbox.domain.GameTest" time="0.001"/>
  <testcase name="퀴즈가 남아있는 경우 게임 결과를 확인할 수 없다." classname="org.example.quizbox.domain.GameTest" time="0.001"/>
  <testcase name="퀴즈에 대한 답을 제출하고 확인할 수 있다." classname="org.example.quizbox.domain.GameTest" time="0.001"/>
  <testcase name="지나간 퀴즈에 대한 답변 제출은 불가능하다." classname="org.example.quizbox.domain.GameTest" time="0.0"/>
  <testcase name="이미 답변한 퀴즈는 중복 답변할 수 없다." classname="org.example.quizbox.domain.GameTest" time="0.0"/>
  <testcase name="게임 참여자인지 확인할 수 있다." classname="org.example.quizbox.domain.GameTest" time="0.0"/>
  <system-out><![CDATA[]]></system-out>
  <system-err><![CDATA[]]></system-err>
</testsuite>
